<?xml version="1.0" encoding="UTF-8"?>
<testsuite name="Var_Test" tests="3" skipped="0" failures="0" errors="0" timestamp="2025-04-05T14:14:58" hostname="LECHTHALER" time="0.002">
  <properties/>
  <testcase name="test_var_json_array()" classname="Var_Test" time="0.001"/>
  <testcase name="test_var_message()" classname="Var_Test" time="0.0"/>
  <testcase name="test_var_string()" classname="Var_Test" time="0.0"/>
  <system-out><![CDATA[]]></system-out>
  <system-err><![CDATA[]]></system-err>
</testsuite>
