<?xml version="1.0" encoding="UTF-8"?>
<testsuite name="EditOperation_test" tests="13" skipped="0" failures="0" errors="0" timestamp="2025-04-05T14:14:57" hostname="LECHTHALER" time="0.054">
  <properties/>
  <testcase name="test_add_json_jwt()" classname="EditOperation_test" time="0.011"/>
  <testcase name="test_add_json_jwt_null()" classname="EditOperation_test" time="0.002"/>
  <testcase name="test_add_url_param()" classname="EditOperation_test" time="0.02"/>
  <testcase name="test_edit_body_regex()" classname="EditOperation_test" time="0.001"/>
  <testcase name="test_add_head_param()" classname="EditOperation_test" time="0.001"/>
  <testcase name="test_encode_body_param()" classname="EditOperation_test" time="0.0"/>
  <testcase name="test_edit_url_regex()" classname="EditOperation_test" time="0.002"/>
  <testcase name="test_add_head_param_already_present()" classname="EditOperation_test" time="0.0"/>
  <testcase name="test_encode_url_param()" classname="EditOperation_test" time="0.002"/>
  <testcase name="test_add_url_param_already_present()" classname="EditOperation_test" time="0.001"/>
  <testcase name="test_edit_head_regex()" classname="EditOperation_test" time="0.003"/>
  <testcase name="test_add_body()" classname="EditOperation_test" time="0.0"/>
  <testcase name="test_encode_head_param()" classname="EditOperation_test" time="0.0"/>
  <system-out><![CDATA[La porta è settata a --> -1
La porta è settata a --> -1
La porta è settata a --> -1
La porta è settata a --> -1
]]></system-out>
  <system-err><![CDATA[]]></system-err>
</testsuite>
