<?xml version="1.0" encoding="UTF-8"?>
<testsuite name="SessionTrackAction_Test" tests="2" skipped="0" failures="0" errors="0" timestamp="2025-04-05T14:14:58" hostname="LECHTHALER" time="0.03">
  <properties/>
  <testcase name="Test Action assert" classname="SessionTrackAction_Test" time="0.028"/>
  <testcase name="ParsingRawSessionAction test" classname="SessionTrackAction_Test" time="0.001"/>
  <system-out><![CDATA[]]></system-out>
  <system-err><![CDATA[]]></system-err>
</testsuite>
