<?xml version="1.0" encoding="UTF-8"?>
<testsuite name="SessionOperation_Test" tests="1" skipped="0" failures="0" errors="0" timestamp="2025-04-05T14:14:58" hostname="LECHTHALER" time="0.004">
  <properties/>
  <testcase name="ParsingRawSessionAction test" classname="SessionOperation_Test" time="0.004"/>
  <system-out><![CDATA[]]></system-out>
  <system-err><![CDATA[]]></system-err>
</testsuite>
