<?xml version="1.0" encoding="UTF-8"?>
<testsuite name="Track_Test" tests="6" skipped="0" failures="0" errors="0" timestamp="2025-04-05T14:14:58" hostname="LECHTHALER" time="0.016">
  <properties/>
  <testcase name="Test first and last indexes" classname="Track_Test" time="0.006"/>
  <testcase name="Test range" classname="Track_Test" time="0.001"/>
  <testcase name="Track equals" classname="Track_Test" time="0.0"/>
  <testcase name="Track remove test" classname="Track_Test" time="0.003"/>
  <testcase name="Test insert" classname="Track_Test" time="0.001"/>
  <testcase name="Test indexes" classname="Track_Test" time="0.001"/>
  <system-out><![CDATA[]]></system-out>
  <system-err><![CDATA[]]></system-err>
</testsuite>
