<?xml version="1.0" encoding="UTF-8"?>
<testsuite name="Utils_Test" tests="4" skipped="0" failures="0" errors="0" timestamp="2025-04-05T14:14:58" hostname="LECHTHALER" time="0.043">
  <properties/>
  <testcase name="Testing build string with vars" classname="Utils_Test" time="0.006"/>
  <testcase name="test_check_json_strings_equals()" classname="Utils_Test" time="0.002"/>
  <testcase name="Test find parent div" classname="Utils_Test" time="0.009"/>
  <testcase name="Test execute session Ops" classname="Utils_Test" time="0.022"/>
  <system-out><![CDATA[]]></system-out>
  <system-err><![CDATA[]]></system-err>
</testsuite>
