<?xml version="1.0" encoding="UTF-8"?>
<testsuite name="DecodeOperation_Test" tests="6" skipped="0" failures="0" errors="0" timestamp="2025-04-05T14:14:57" hostname="LECHTHALER" time="0.062">
  <properties/>
  <testcase name="test_print_extended()" classname="DecodeOperation_Test" time="0.008"/>
  <testcase name="test_parse_w_checks()" classname="DecodeOperation_Test" time="0.006"/>
  <testcase name="test_parse_w_edits_save()" classname="DecodeOperation_Test" time="0.001"/>
  <testcase name="test_parse_w_edits()" classname="DecodeOperation_Test" time="0.001"/>
  <testcase name="test_decode_jwt()" classname="DecodeOperation_Test" time="0.041"/>
  <testcase name="test_parse()" classname="DecodeOperation_Test" time="0.001"/>
  <system-out><![CDATA[Decode operation:
	from: BODY
	decode target: (?<=authz_request_object=)[^$\n& ]*
	is regex false
	encodings: []
	type: JWT
	decoded content: 
	decode operations: []

]]></system-out>
  <system-err><![CDATA[]]></system-err>
</testsuite>
